<!DOCTYPE html PUBLIC "-//W3C//DTD XHTML 1.1//EN" "https://www.w3.org/TR/xhtml11/DTD/xhtml11.dtd">
<html xmlns="https://www.w3.org/1999/xhtml">
<head>
<meta http-equiv="content-type" content="text/html; charset=UTF-8"/>
<title>TestNG Report</title>
<style type="text/css">table {margin-bottom:10px;border-collapse:collapse;empty-cells:show}th,td {border:1px solid #009;padding:.25em .5em}th {vertical-align:bottom}td {vertical-align:top}table a {font-weight:bold}.stripe td {background-color: #E6EBF9}.num {text-align:right}.passedodd td {background-color: #3F3}.passedeven td {background-color: #0A0}.skippedodd td {background-color: #DDD}.skippedeven td {background-color: #CCC}.failedodd td,.attn {background-color: #F33}.failedeven td,.stripe .attn {background-color: #D00}.stacktrace {white-space:pre;font-family:monospace}.totop {font-size:85%;text-align:center;border-bottom:2px solid #000}.invisible {display:none}</style>
</head>
<body>
<table>
<tr><th>Test</th><th># Passed</th><th># Skipped</th><th># Retried</th><th># Failed</th><th>Time (ms)</th><th>Included Groups</th><th>Excluded Groups</th></tr>
<tr><th colspan="8">Suite</th></tr>
<tr><td><a href="#t0">ChromeTest</a></td><td class="num">1</td><td class="num attn">7</td><td class="num">0</td><td class="num attn">1</td><td class="num">14,272</td><td></td><td></td></tr>
<tr class="stripe"><td><a href="#t1">OperaTest</a></td><td class="num">1</td><td class="num attn">7</td><td class="num">0</td><td class="num attn">1</td><td class="num">27,683</td><td></td><td></td></tr>
<tr><th>Total</th><th class="num">2</th><th class="num attn">14</th><th class="num">0</th><th class="num attn">2</th><th class="num">41,955</th><th colspan="2"></th></tr>
</table>
<table id='summary'><thead><tr><th>Class</th><th>Method</th><th>Start</th><th>Time (ms)</th></tr></thead><tbody><tr><th colspan="4">Suite</th></tr></tbody><tbody id="t0"><tr><th colspan="4">ChromeTest &#8212; failed (configuration methods)</th></tr><tr class="failedeven"><td rowspan="1">test.TestClass</td><td><a href="#m0">afterMehtod</a></td><td rowspan="1">1645427663101</td><td rowspan="1">419</td></tr><tr><th colspan="4">ChromeTest &#8212; failed</th></tr><tr class="failedeven"><td rowspan="1">test.TestClass</td><td><a href="#m1">test2</a></td><td rowspan="1">1645427657984</td><td rowspan="1">5106</td></tr><tr><th colspan="4">ChromeTest &#8212; skipped (configuration methods)</th></tr><tr class="skippedeven"><td rowspan="9">test.TestClass</td><td><a href="#m2">afterClass</a></td><td rowspan="1">1645427663722</td><td rowspan="1">-1645427663722</td></tr><tr class="skippedeven"><td><a href="#m3">afterMehtod</a></td><td rowspan="7">1645427663614</td><td rowspan="7">-1645427663614</td></tr><tr class="skippedeven"><td><a href="#m4">afterMehtod</a></td></tr><tr class="skippedeven"><td><a href="#m5">afterMehtod</a></td></tr><tr class="skippedeven"><td><a href="#m6">afterMehtod</a></td></tr><tr class="skippedeven"><td><a href="#m7">afterMehtod</a></td></tr><tr class="skippedeven"><td><a href="#m8">afterMehtod</a></td></tr><tr class="skippedeven"><td><a href="#m9">afterMehtod</a></td></tr><tr class="skippedeven"><td><a href="#m10">afterTest</a></td><td rowspan="1">1645427663732</td><td rowspan="1">-1645427663732</td></tr><tr><th colspan="4">ChromeTest &#8212; skipped</th></tr><tr class="skippedeven"><td rowspan="7">test.TestClass</td><td><a href="#m11">test3</a></td><td rowspan="1">1645427663566</td><td rowspan="1">0</td></tr><tr class="skippedeven"><td><a href="#m12">test4</a></td><td rowspan="1">1645427663596</td><td rowspan="1">0</td></tr><tr class="skippedeven"><td><a href="#m13">test5</a></td><td rowspan="1">1645427663638</td><td rowspan="1">0</td></tr><tr class="skippedeven"><td><a href="#m14">test6</a></td><td rowspan="1">1645427663665</td><td rowspan="1">0</td></tr><tr class="skippedeven"><td><a href="#m15">test7</a></td><td rowspan="1">1645427663676</td><td rowspan="1">0</td></tr><tr class="skippedeven"><td><a href="#m16">test8</a></td><td rowspan="1">1645427663690</td><td rowspan="1">0</td></tr><tr class="skippedeven"><td><a href="#m17">test9</a></td><td rowspan="1">1645427663703</td><td rowspan="1">0</td></tr><tr><th colspan="4">ChromeTest &#8212; passed</th></tr><tr class="passedeven"><td rowspan="1">test.TestClass</td><td><a href="#m18">test1</a></td><td rowspan="1">1645427657682</td><td rowspan="1">268</td></tr></tbody>
<tbody id="t1"><tr><th colspan="4">OperaTest &#8212; failed (configuration methods)</th></tr><tr class="failedeven"><td rowspan="1">test.TestClass</td><td><a href="#m19">afterMehtod</a></td><td rowspan="1">1645427690985</td><td rowspan="1">492</td></tr><tr><th colspan="4">OperaTest &#8212; failed</th></tr><tr class="failedeven"><td rowspan="1">test.TestClass</td><td><a href="#m20">test2</a></td><td rowspan="1">1645427680086</td><td rowspan="1">10893</td></tr><tr><th colspan="4">OperaTest &#8212; skipped (configuration methods)</th></tr><tr class="skippedeven"><td rowspan="9">test.TestClass</td><td><a href="#m21">afterClass</a></td><td rowspan="1">1645427691680</td><td rowspan="1">-1645427691680</td></tr><tr class="skippedeven"><td><a href="#m22">afterMehtod</a></td><td rowspan="7">1645427691505</td><td rowspan="7">-1645427691505</td></tr><tr class="skippedeven"><td><a href="#m23">afterMehtod</a></td></tr><tr class="skippedeven"><td><a href="#m24">afterMehtod</a></td></tr><tr class="skippedeven"><td><a href="#m25">afterMehtod</a></td></tr><tr class="skippedeven"><td><a href="#m26">afterMehtod</a></td></tr><tr class="skippedeven"><td><a href="#m27">afterMehtod</a></td></tr><tr class="skippedeven"><td><a href="#m28">afterMehtod</a></td></tr><tr class="skippedeven"><td><a href="#m29">afterTest</a></td><td rowspan="1">1645427691685</td><td rowspan="1">-1645427691685</td></tr><tr><th colspan="4">OperaTest &#8212; skipped</th></tr><tr class="skippedeven"><td rowspan="7">test.TestClass</td><td><a href="#m30">test3</a></td><td rowspan="1">1645427691487</td><td rowspan="1">0</td></tr><tr class="skippedeven"><td><a href="#m31">test4</a></td><td rowspan="1">1645427691499</td><td rowspan="1">0</td></tr><tr class="skippedeven"><td><a href="#m32">test5</a></td><td rowspan="1">1645427691509</td><td rowspan="1">0</td></tr><tr class="skippedeven"><td><a href="#m33">test6</a></td><td rowspan="1">1645427691534</td><td rowspan="1">0</td></tr><tr class="skippedeven"><td><a href="#m34">test7</a></td><td rowspan="1">1645427691610</td><td rowspan="1">0</td></tr><tr class="skippedeven"><td><a href="#m35">test8</a></td><td rowspan="1">1645427691638</td><td rowspan="1">0</td></tr><tr class="skippedeven"><td><a href="#m36">test9</a></td><td rowspan="1">1645427691660</td><td rowspan="1">0</td></tr><tr><th colspan="4">OperaTest &#8212; passed</th></tr><tr class="passedeven"><td rowspan="1">test.TestClass</td><td><a href="#m37">test1</a></td><td rowspan="1">1645427679901</td><td rowspan="1">182</td></tr></tbody>
</table>
<h2>ChromeTest</h2><h3 id="m0">test.TestClass#afterMehtod</h3><table class="result"><tr class="param"><th>Parameter #1</th></tr><tr class="param stripe"><td>[TestResult name=test2 status=FAILURE method=TestClass.test2()[pri:2, instance:test.TestClass@418e7838] output={null}]</td></tr><tr><th>Exception</th></tr><tr><td><div class="stacktrace">java.io.FileNotFoundException: F:\FailTestCase\1022022\02\21 12 44 23.506\.jpg (The system cannot find the path specified)
	at java.base/java.io.FileOutputStream.open0(Native Method)
	at java.base/java.io.FileOutputStream.open(FileOutputStream.java:292)
	at java.base/java.io.FileOutputStream.&lt;init&gt;(FileOutputStream.java:235)
	at java.base/java.io.FileOutputStream.&lt;init&gt;(FileOutputStream.java:185)
	at org.openqa.selenium.io.FileHandler.copyFile(FileHandler.java:138)
	at org.openqa.selenium.io.FileHandler.copy(FileHandler.java:117)
	at uit.Utility.scrrenShots(Utility.java:21)
	at test.TestClass.afterMehtod(TestClass.java:105)
	at java.base/java.util.ArrayList.forEach(ArrayList.java:1540)
... Removed 32 stack frames</div></td></tr></table><p class="totop"><a href="#summary">back to summary</a></p>
<h3 id="m1">test.TestClass#test2</h3><table class="result"><tr><th>Exception</th></tr><tr><td><div class="stacktrace">java.lang.NullPointerException
	at test.TestClass.test2(TestClass.java:55)
	at java.base/java.util.ArrayList.forEach(ArrayList.java:1540)
... Removed 27 stack frames</div></td></tr></table><p class="totop"><a href="#summary">back to summary</a></p>
<h3 id="m2">test.TestClass#afterClass</h3><table class="result"><tr><th class="invisible"/></tr></table><p class="totop"><a href="#summary">back to summary</a></p>
<h3 id="m3">test.TestClass#afterMehtod</h3><table class="result"><tr><th class="invisible"/></tr></table><p class="totop"><a href="#summary">back to summary</a></p>
<h3 id="m4">test.TestClass#afterMehtod</h3><table class="result"><tr><th class="invisible"/></tr></table><p class="totop"><a href="#summary">back to summary</a></p>
<h3 id="m5">test.TestClass#afterMehtod</h3><table class="result"><tr><th class="invisible"/></tr></table><p class="totop"><a href="#summary">back to summary</a></p>
<h3 id="m6">test.TestClass#afterMehtod</h3><table class="result"><tr><th class="invisible"/></tr></table><p class="totop"><a href="#summary">back to summary</a></p>
<h3 id="m7">test.TestClass#afterMehtod</h3><table class="result"><tr><th class="invisible"/></tr></table><p class="totop"><a href="#summary">back to summary</a></p>
<h3 id="m8">test.TestClass#afterMehtod</h3><table class="result"><tr><th class="invisible"/></tr></table><p class="totop"><a href="#summary">back to summary</a></p>
<h3 id="m9">test.TestClass#afterMehtod</h3><table class="result"><tr><th class="invisible"/></tr></table><p class="totop"><a href="#summary">back to summary</a></p>
<h3 id="m10">test.TestClass#afterTest</h3><table class="result"><tr><th class="invisible"/></tr></table><p class="totop"><a href="#summary">back to summary</a></p>
<h3 id="m11">test.TestClass#test3</h3><table class="result"><tr><th>Exception</th></tr><tr><td><div class="stacktrace">java.io.FileNotFoundException: F:\FailTestCase\1022022\02\21 12 44 23.506\.jpg (The system cannot find the path specified)
	at java.base/java.io.FileOutputStream.open0(Native Method)
	at java.base/java.io.FileOutputStream.open(FileOutputStream.java:292)
	at java.base/java.io.FileOutputStream.&lt;init&gt;(FileOutputStream.java:235)
	at java.base/java.io.FileOutputStream.&lt;init&gt;(FileOutputStream.java:185)
	at org.openqa.selenium.io.FileHandler.copyFile(FileHandler.java:138)
	at org.openqa.selenium.io.FileHandler.copy(FileHandler.java:117)
	at uit.Utility.scrrenShots(Utility.java:21)
	at test.TestClass.afterMehtod(TestClass.java:105)
	at java.base/java.util.ArrayList.forEach(ArrayList.java:1540)
... Removed 32 stack frames</div></td></tr></table><p class="totop"><a href="#summary">back to summary</a></p>
<h3 id="m12">test.TestClass#test4</h3><table class="result"><tr><th>Exception</th></tr><tr><td><div class="stacktrace">java.io.FileNotFoundException: F:\FailTestCase\1022022\02\21 12 44 23.506\.jpg (The system cannot find the path specified)
	at java.base/java.io.FileOutputStream.open0(Native Method)
	at java.base/java.io.FileOutputStream.open(FileOutputStream.java:292)
	at java.base/java.io.FileOutputStream.&lt;init&gt;(FileOutputStream.java:235)
	at java.base/java.io.FileOutputStream.&lt;init&gt;(FileOutputStream.java:185)
	at org.openqa.selenium.io.FileHandler.copyFile(FileHandler.java:138)
	at org.openqa.selenium.io.FileHandler.copy(FileHandler.java:117)
	at uit.Utility.scrrenShots(Utility.java:21)
	at test.TestClass.afterMehtod(TestClass.java:105)
	at java.base/java.util.ArrayList.forEach(ArrayList.java:1540)
... Removed 32 stack frames</div></td></tr></table><p class="totop"><a href="#summary">back to summary</a></p>
<h3 id="m13">test.TestClass#test5</h3><table class="result"><tr><th>Exception</th></tr><tr><td><div class="stacktrace">java.io.FileNotFoundException: F:\FailTestCase\1022022\02\21 12 44 23.506\.jpg (The system cannot find the path specified)
	at java.base/java.io.FileOutputStream.open0(Native Method)
	at java.base/java.io.FileOutputStream.open(FileOutputStream.java:292)
	at java.base/java.io.FileOutputStream.&lt;init&gt;(FileOutputStream.java:235)
	at java.base/java.io.FileOutputStream.&lt;init&gt;(FileOutputStream.java:185)
	at org.openqa.selenium.io.FileHandler.copyFile(FileHandler.java:138)
	at org.openqa.selenium.io.FileHandler.copy(FileHandler.java:117)
	at uit.Utility.scrrenShots(Utility.java:21)
	at test.TestClass.afterMehtod(TestClass.java:105)
	at java.base/java.util.ArrayList.forEach(ArrayList.java:1540)
... Removed 32 stack frames</div></td></tr></table><p class="totop"><a href="#summary">back to summary</a></p>
<h3 id="m14">test.TestClass#test6</h3><table class="result"><tr><th>Exception</th></tr><tr><td><div class="stacktrace">java.io.FileNotFoundException: F:\FailTestCase\1022022\02\21 12 44 23.506\.jpg (The system cannot find the path specified)
	at java.base/java.io.FileOutputStream.open0(Native Method)
	at java.base/java.io.FileOutputStream.open(FileOutputStream.java:292)
	at java.base/java.io.FileOutputStream.&lt;init&gt;(FileOutputStream.java:235)
	at java.base/java.io.FileOutputStream.&lt;init&gt;(FileOutputStream.java:185)
	at org.openqa.selenium.io.FileHandler.copyFile(FileHandler.java:138)
	at org.openqa.selenium.io.FileHandler.copy(FileHandler.java:117)
	at uit.Utility.scrrenShots(Utility.java:21)
	at test.TestClass.afterMehtod(TestClass.java:105)
	at java.base/java.util.ArrayList.forEach(ArrayList.java:1540)
... Removed 32 stack frames</div></td></tr></table><p class="totop"><a href="#summary">back to summary</a></p>
<h3 id="m15">test.TestClass#test7</h3><table class="result"><tr><th>Exception</th></tr><tr><td><div class="stacktrace">java.io.FileNotFoundException: F:\FailTestCase\1022022\02\21 12 44 23.506\.jpg (The system cannot find the path specified)
	at java.base/java.io.FileOutputStream.open0(Native Method)
	at java.base/java.io.FileOutputStream.open(FileOutputStream.java:292)
	at java.base/java.io.FileOutputStream.&lt;init&gt;(FileOutputStream.java:235)
	at java.base/java.io.FileOutputStream.&lt;init&gt;(FileOutputStream.java:185)
	at org.openqa.selenium.io.FileHandler.copyFile(FileHandler.java:138)
	at org.openqa.selenium.io.FileHandler.copy(FileHandler.java:117)
	at uit.Utility.scrrenShots(Utility.java:21)
	at test.TestClass.afterMehtod(TestClass.java:105)
	at java.base/java.util.ArrayList.forEach(ArrayList.java:1540)
... Removed 32 stack frames</div></td></tr></table><p class="totop"><a href="#summary">back to summary</a></p>
<h3 id="m16">test.TestClass#test8</h3><table class="result"><tr><th>Exception</th></tr><tr><td><div class="stacktrace">java.io.FileNotFoundException: F:\FailTestCase\1022022\02\21 12 44 23.506\.jpg (The system cannot find the path specified)
	at java.base/java.io.FileOutputStream.open0(Native Method)
	at java.base/java.io.FileOutputStream.open(FileOutputStream.java:292)
	at java.base/java.io.FileOutputStream.&lt;init&gt;(FileOutputStream.java:235)
	at java.base/java.io.FileOutputStream.&lt;init&gt;(FileOutputStream.java:185)
	at org.openqa.selenium.io.FileHandler.copyFile(FileHandler.java:138)
	at org.openqa.selenium.io.FileHandler.copy(FileHandler.java:117)
	at uit.Utility.scrrenShots(Utility.java:21)
	at test.TestClass.afterMehtod(TestClass.java:105)
	at java.base/java.util.ArrayList.forEach(ArrayList.java:1540)
... Removed 32 stack frames</div></td></tr></table><p class="totop"><a href="#summary">back to summary</a></p>
<h3 id="m17">test.TestClass#test9</h3><table class="result"><tr><th>Exception</th></tr><tr><td><div class="stacktrace">java.io.FileNotFoundException: F:\FailTestCase\1022022\02\21 12 44 23.506\.jpg (The system cannot find the path specified)
	at java.base/java.io.FileOutputStream.open0(Native Method)
	at java.base/java.io.FileOutputStream.open(FileOutputStream.java:292)
	at java.base/java.io.FileOutputStream.&lt;init&gt;(FileOutputStream.java:235)
	at java.base/java.io.FileOutputStream.&lt;init&gt;(FileOutputStream.java:185)
	at org.openqa.selenium.io.FileHandler.copyFile(FileHandler.java:138)
	at org.openqa.selenium.io.FileHandler.copy(FileHandler.java:117)
	at uit.Utility.scrrenShots(Utility.java:21)
	at test.TestClass.afterMehtod(TestClass.java:105)
	at java.base/java.util.ArrayList.forEach(ArrayList.java:1540)
... Removed 32 stack frames</div></td></tr></table><p class="totop"><a href="#summary">back to summary</a></p>
<h3 id="m18">test.TestClass#test1</h3><table class="result"><tr><th class="invisible"/></tr></table><p class="totop"><a href="#summary">back to summary</a></p>
<h2>OperaTest</h2><h3 id="m19">test.TestClass#afterMehtod</h3><table class="result"><tr class="param"><th>Parameter #1</th></tr><tr class="param stripe"><td>[TestResult name=test2 status=FAILURE method=TestClass.test2()[pri:2, instance:test.TestClass@c33b74f] output={null}]</td></tr><tr><th>Exception</th></tr><tr><td><div class="stacktrace">java.io.FileNotFoundException: F:\FailTestCase\1022022\02\21 12 44 51.476\.jpg (The system cannot find the path specified)
	at java.base/java.io.FileOutputStream.open0(Native Method)
	at java.base/java.io.FileOutputStream.open(FileOutputStream.java:292)
	at java.base/java.io.FileOutputStream.&lt;init&gt;(FileOutputStream.java:235)
	at java.base/java.io.FileOutputStream.&lt;init&gt;(FileOutputStream.java:185)
	at org.openqa.selenium.io.FileHandler.copyFile(FileHandler.java:138)
	at org.openqa.selenium.io.FileHandler.copy(FileHandler.java:117)
	at uit.Utility.scrrenShots(Utility.java:21)
	at test.TestClass.afterMehtod(TestClass.java:105)
	at java.base/java.util.ArrayList.forEach(ArrayList.java:1540)
... Removed 32 stack frames</div></td></tr></table><p class="totop"><a href="#summary">back to summary</a></p>
<h3 id="m20">test.TestClass#test2</h3><table class="result"><tr><th>Exception</th></tr><tr><td><div class="stacktrace">java.lang.NullPointerException
	at test.TestClass.test2(TestClass.java:55)
	at java.base/java.util.ArrayList.forEach(ArrayList.java:1540)
... Removed 27 stack frames</div></td></tr></table><p class="totop"><a href="#summary">back to summary</a></p>
<h3 id="m21">test.TestClass#afterClass</h3><table class="result"><tr><th class="invisible"/></tr></table><p class="totop"><a href="#summary">back to summary</a></p>
<h3 id="m22">test.TestClass#afterMehtod</h3><table class="result"><tr><th class="invisible"/></tr></table><p class="totop"><a href="#summary">back to summary</a></p>
<h3 id="m23">test.TestClass#afterMehtod</h3><table class="result"><tr><th class="invisible"/></tr></table><p class="totop"><a href="#summary">back to summary</a></p>
<h3 id="m24">test.TestClass#afterMehtod</h3><table class="result"><tr><th class="invisible"/></tr></table><p class="totop"><a href="#summary">back to summary</a></p>
<h3 id="m25">test.TestClass#afterMehtod</h3><table class="result"><tr><th class="invisible"/></tr></table><p class="totop"><a href="#summary">back to summary</a></p>
<h3 id="m26">test.TestClass#afterMehtod</h3><table class="result"><tr><th class="invisible"/></tr></table><p class="totop"><a href="#summary">back to summary</a></p>
<h3 id="m27">test.TestClass#afterMehtod</h3><table class="result"><tr><th class="invisible"/></tr></table><p class="totop"><a href="#summary">back to summary</a></p>
<h3 id="m28">test.TestClass#afterMehtod</h3><table class="result"><tr><th class="invisible"/></tr></table><p class="totop"><a href="#summary">back to summary</a></p>
<h3 id="m29">test.TestClass#afterTest</h3><table class="result"><tr><th class="invisible"/></tr></table><p class="totop"><a href="#summary">back to summary</a></p>
<h3 id="m30">test.TestClass#test3</h3><table class="result"><tr><th>Exception</th></tr><tr><td><div class="stacktrace">java.io.FileNotFoundException: F:\FailTestCase\1022022\02\21 12 44 51.476\.jpg (The system cannot find the path specified)
	at java.base/java.io.FileOutputStream.open0(Native Method)
	at java.base/java.io.FileOutputStream.open(FileOutputStream.java:292)
	at java.base/java.io.FileOutputStream.&lt;init&gt;(FileOutputStream.java:235)
	at java.base/java.io.FileOutputStream.&lt;init&gt;(FileOutputStream.java:185)
	at org.openqa.selenium.io.FileHandler.copyFile(FileHandler.java:138)
	at org.openqa.selenium.io.FileHandler.copy(FileHandler.java:117)
	at uit.Utility.scrrenShots(Utility.java:21)
	at test.TestClass.afterMehtod(TestClass.java:105)
	at java.base/java.util.ArrayList.forEach(ArrayList.java:1540)
... Removed 32 stack frames</div></td></tr></table><p class="totop"><a href="#summary">back to summary</a></p>
<h3 id="m31">test.TestClass#test4</h3><table class="result"><tr><th>Exception</th></tr><tr><td><div class="stacktrace">java.io.FileNotFoundException: F:\FailTestCase\1022022\02\21 12 44 51.476\.jpg (The system cannot find the path specified)
	at java.base/java.io.FileOutputStream.open0(Native Method)
	at java.base/java.io.FileOutputStream.open(FileOutputStream.java:292)
	at java.base/java.io.FileOutputStream.&lt;init&gt;(FileOutputStream.java:235)
	at java.base/java.io.FileOutputStream.&lt;init&gt;(FileOutputStream.java:185)
	at org.openqa.selenium.io.FileHandler.copyFile(FileHandler.java:138)
	at org.openqa.selenium.io.FileHandler.copy(FileHandler.java:117)
	at uit.Utility.scrrenShots(Utility.java:21)
	at test.TestClass.afterMehtod(TestClass.java:105)
	at java.base/java.util.ArrayList.forEach(ArrayList.java:1540)
... Removed 32 stack frames</div></td></tr></table><p class="totop"><a href="#summary">back to summary</a></p>
<h3 id="m32">test.TestClass#test5</h3><table class="result"><tr><th>Exception</th></tr><tr><td><div class="stacktrace">java.io.FileNotFoundException: F:\FailTestCase\1022022\02\21 12 44 51.476\.jpg (The system cannot find the path specified)
	at java.base/java.io.FileOutputStream.open0(Native Method)
	at java.base/java.io.FileOutputStream.open(FileOutputStream.java:292)
	at java.base/java.io.FileOutputStream.&lt;init&gt;(FileOutputStream.java:235)
	at java.base/java.io.FileOutputStream.&lt;init&gt;(FileOutputStream.java:185)
	at org.openqa.selenium.io.FileHandler.copyFile(FileHandler.java:138)
	at org.openqa.selenium.io.FileHandler.copy(FileHandler.java:117)
	at uit.Utility.scrrenShots(Utility.java:21)
	at test.TestClass.afterMehtod(TestClass.java:105)
	at java.base/java.util.ArrayList.forEach(ArrayList.java:1540)
... Removed 32 stack frames</div></td></tr></table><p class="totop"><a href="#summary">back to summary</a></p>
<h3 id="m33">test.TestClass#test6</h3><table class="result"><tr><th>Exception</th></tr><tr><td><div class="stacktrace">java.io.FileNotFoundException: F:\FailTestCase\1022022\02\21 12 44 51.476\.jpg (The system cannot find the path specified)
	at java.base/java.io.FileOutputStream.open0(Native Method)
	at java.base/java.io.FileOutputStream.open(FileOutputStream.java:292)
	at java.base/java.io.FileOutputStream.&lt;init&gt;(FileOutputStream.java:235)
	at java.base/java.io.FileOutputStream.&lt;init&gt;(FileOutputStream.java:185)
	at org.openqa.selenium.io.FileHandler.copyFile(FileHandler.java:138)
	at org.openqa.selenium.io.FileHandler.copy(FileHandler.java:117)
	at uit.Utility.scrrenShots(Utility.java:21)
	at test.TestClass.afterMehtod(TestClass.java:105)
	at java.base/java.util.ArrayList.forEach(ArrayList.java:1540)
... Removed 32 stack frames</div></td></tr></table><p class="totop"><a href="#summary">back to summary</a></p>
<h3 id="m34">test.TestClass#test7</h3><table class="result"><tr><th>Exception</th></tr><tr><td><div class="stacktrace">java.io.FileNotFoundException: F:\FailTestCase\1022022\02\21 12 44 51.476\.jpg (The system cannot find the path specified)
	at java.base/java.io.FileOutputStream.open0(Native Method)
	at java.base/java.io.FileOutputStream.open(FileOutputStream.java:292)
	at java.base/java.io.FileOutputStream.&lt;init&gt;(FileOutputStream.java:235)
	at java.base/java.io.FileOutputStream.&lt;init&gt;(FileOutputStream.java:185)
	at org.openqa.selenium.io.FileHandler.copyFile(FileHandler.java:138)
	at org.openqa.selenium.io.FileHandler.copy(FileHandler.java:117)
	at uit.Utility.scrrenShots(Utility.java:21)
	at test.TestClass.afterMehtod(TestClass.java:105)
	at java.base/java.util.ArrayList.forEach(ArrayList.java:1540)
... Removed 32 stack frames</div></td></tr></table><p class="totop"><a href="#summary">back to summary</a></p>
<h3 id="m35">test.TestClass#test8</h3><table class="result"><tr><th>Exception</th></tr><tr><td><div class="stacktrace">java.io.FileNotFoundException: F:\FailTestCase\1022022\02\21 12 44 51.476\.jpg (The system cannot find the path specified)
	at java.base/java.io.FileOutputStream.open0(Native Method)
	at java.base/java.io.FileOutputStream.open(FileOutputStream.java:292)
	at java.base/java.io.FileOutputStream.&lt;init&gt;(FileOutputStream.java:235)
	at java.base/java.io.FileOutputStream.&lt;init&gt;(FileOutputStream.java:185)
	at org.openqa.selenium.io.FileHandler.copyFile(FileHandler.java:138)
	at org.openqa.selenium.io.FileHandler.copy(FileHandler.java:117)
	at uit.Utility.scrrenShots(Utility.java:21)
	at test.TestClass.afterMehtod(TestClass.java:105)
	at java.base/java.util.ArrayList.forEach(ArrayList.java:1540)
... Removed 32 stack frames</div></td></tr></table><p class="totop"><a href="#summary">back to summary</a></p>
<h3 id="m36">test.TestClass#test9</h3><table class="result"><tr><th>Exception</th></tr><tr><td><div class="stacktrace">java.io.FileNotFoundException: F:\FailTestCase\1022022\02\21 12 44 51.476\.jpg (The system cannot find the path specified)
	at java.base/java.io.FileOutputStream.open0(Native Method)
	at java.base/java.io.FileOutputStream.open(FileOutputStream.java:292)
	at java.base/java.io.FileOutputStream.&lt;init&gt;(FileOutputStream.java:235)
	at java.base/java.io.FileOutputStream.&lt;init&gt;(FileOutputStream.java:185)
	at org.openqa.selenium.io.FileHandler.copyFile(FileHandler.java:138)
	at org.openqa.selenium.io.FileHandler.copy(FileHandler.java:117)
	at uit.Utility.scrrenShots(Utility.java:21)
	at test.TestClass.afterMehtod(TestClass.java:105)
	at java.base/java.util.ArrayList.forEach(ArrayList.java:1540)
... Removed 32 stack frames</div></td></tr></table><p class="totop"><a href="#summary">back to summary</a></p>
<h3 id="m37">test.TestClass#test1</h3><table class="result"><tr><th class="invisible"/></tr></table><p class="totop"><a href="#summary">back to summary</a></p>
</body>
</html>
